{"timestamp":"2025-11-18T14:43:11.924Z","level":"info","service":"Auth_Service","message":"Auth_Service iniciado","port":"3001","logLevel":"info","nodeVersion":"v22.18.0","pid":10504}
{"timestamp":"2025-11-18T14:43:12.030Z","level":"info","service":"Auth_Service","message":"GET /health","method":"GET","path":"/health","ip":"::1","userAgent":"Mozilla/5.0 (Windows NT; Windows NT 10.0; es-CO) WindowsPowerShell/5.1.26100.7019","pid":10504}
{"timestamp":"2025-11-18T14:43:12.038Z","level":"info","service":"Auth_Service","message":"GET /health 200","method":"GET","path":"/health","statusCode":200,"duration":"9ms","pid":10504}
{"timestamp":"2025-11-18T14:51:13.203Z","level":"info","service":"Auth_Service","message":"Auth_Service iniciado","port":"3001","logLevel":"info","nodeVersion":"v22.18.0","pid":51360}
{"timestamp":"2025-11-18T14:51:13.330Z","level":"info","service":"Auth_Service","message":"GET /health","method":"GET","path":"/health","ip":"::1","userAgent":"Mozilla/5.0 (Windows NT; Windows NT 10.0; es-CO) WindowsPowerShell/5.1.26100.7019","pid":51360}
{"timestamp":"2025-11-18T14:51:13.340Z","level":"info","service":"Auth_Service","message":"GET /health 200","method":"GET","path":"/health","statusCode":200,"duration":"10ms","pid":51360}
{"timestamp":"2025-11-18T14:55:10.636Z","level":"info","service":"Auth_Service","message":"OPTIONS /auth/login","method":"OPTIONS","path":"/auth/login","ip":"::1","userAgent":"Mozilla/5.0 (Windows NT 10.0; Win64; x64) AppleWebKit/537.36 (KHTML, like Gecko) Chrome/139.0.0.0 Safari/537.36 OPR/123.0.0.0","pid":51360}
{"timestamp":"2025-11-18T14:55:10.644Z","level":"info","service":"Auth_Service","message":"POST /auth/login","method":"POST","path":"/auth/login","ip":"::1","userAgent":"Mozilla/5.0 (Windows NT 10.0; Win64; x64) AppleWebKit/537.36 (KHTML, like Gecko) Chrome/139.0.0.0 Safari/537.36 OPR/123.0.0.0","pid":51360}
{"timestamp":"2025-11-18T14:55:10.688Z","level":"info","service":"Auth_Service","message":"Intento de login","email":"maria.rodriguez@ifn.gov.co","pid":51360}
{"timestamp":"2025-11-18T14:55:13.115Z","level":"info","service":"Auth_Service","message":"Usuario encontrado en info_usuario","userId":"0fdd2495-77b2-4938-b2be-9660b2eba237","rol":"recepcionista","nombre":"María Rodríguez","herbario":"Herbario Ejemplo","pid":51360}
{"timestamp":"2025-11-18T14:55:13.140Z","level":"info","service":"Auth_Service","message":"Login exitoso","email":"maria.rodriguez@ifn.gov.co","userId":"0fdd2495-77b2-4938-b2be-9660b2eba237","rol":"recepcionista","pid":51360}
{"timestamp":"2025-11-18T14:55:13.142Z","level":"info","service":"Auth_Service","message":"POST /auth/login 200","method":"POST","path":"/auth/login","statusCode":200,"duration":"2498ms","pid":51360}
{"timestamp":"2025-11-18T15:24:36.444Z","level":"info","service":"Auth_Service","message":"GET /health","method":"GET","path":"/health","ip":"::1","userAgent":"Mozilla/5.0 (Windows NT; Windows NT 10.0; es-CO) WindowsPowerShell/5.1.26100.7019","pid":51360}
{"timestamp":"2025-11-18T15:24:36.453Z","level":"info","service":"Auth_Service","message":"GET /health 200","method":"GET","path":"/health","statusCode":200,"duration":"16ms","pid":51360}
{"timestamp":"2025-11-18T15:58:57.087Z","level":"info","service":"Auth_Service","message":"GET /health","method":"GET","path":"/health","ip":"::1","userAgent":"Mozilla/5.0 (Windows NT; Windows NT 10.0; es-CO) WindowsPowerShell/5.1.26100.7019","pid":51360}
{"timestamp":"2025-11-18T15:58:57.092Z","level":"info","service":"Auth_Service","message":"GET /health 200","method":"GET","path":"/health","statusCode":200,"duration":"7ms","pid":51360}
{"timestamp":"2025-11-18T20:05:20.980Z","level":"info","service":"Auth_Service","message":"Auth_Service iniciado","port":"3001","logLevel":"info","nodeVersion":"v22.18.0","pid":34840}
{"timestamp":"2025-11-18T20:05:34.559Z","level":"info","service":"Auth_Service","message":"GET /health","method":"GET","path":"/health","ip":"::1","userAgent":"Mozilla/5.0 (Windows NT; Windows NT 10.0; es-CO) WindowsPowerShell/5.1.26100.7019","pid":34840}
{"timestamp":"2025-11-18T20:05:34.584Z","level":"info","service":"Auth_Service","message":"GET /health 200","method":"GET","path":"/health","statusCode":200,"duration":"26ms","pid":34840}
{"timestamp":"2025-11-18T21:11:31.066Z","level":"info","service":"Auth_Service","message":"Auth_Service iniciado","port":"3001","logLevel":"info","nodeVersion":"v22.18.0","pid":35252}
{"timestamp":"2025-11-18T21:11:31.327Z","level":"info","service":"Auth_Service","message":"GET /health","method":"GET","path":"/health","ip":"::1","userAgent":"Mozilla/5.0 (Windows NT; Windows NT 10.0; es-CO) WindowsPowerShell/5.1.26100.7019","pid":35252}
{"timestamp":"2025-11-18T21:11:31.335Z","level":"info","service":"Auth_Service","message":"GET /health 200","method":"GET","path":"/health","statusCode":200,"duration":"7ms","pid":35252}
{"timestamp":"2025-11-18T21:20:34.910Z","level":"info","service":"Auth_Service","message":"Auth_Service iniciado","port":"3001","logLevel":"info","nodeVersion":"v22.18.0","pid":37656}
{"timestamp":"2025-11-18T21:20:35.203Z","level":"info","service":"Auth_Service","message":"GET /health","method":"GET","path":"/health","ip":"::1","userAgent":"Mozilla/5.0 (Windows NT; Windows NT 10.0; es-CO) WindowsPowerShell/5.1.26100.7019","pid":37656}
{"timestamp":"2025-11-18T21:20:35.215Z","level":"info","service":"Auth_Service","message":"GET /health 200","method":"GET","path":"/health","statusCode":200,"duration":"12ms","pid":37656}
{"timestamp":"2025-11-18T21:37:54.543Z","level":"info","service":"Auth_Service","message":"Auth_Service iniciado","port":"3001","logLevel":"info","nodeVersion":"v22.18.0","pid":29564}
{"timestamp":"2025-11-18T21:38:45.866Z","level":"info","service":"Auth_Service","message":"GET /health","method":"GET","path":"/health","ip":"::1","userAgent":"Mozilla/5.0 (Windows NT; Windows NT 10.0; es-CO) WindowsPowerShell/5.1.26100.7019","pid":29564}
{"timestamp":"2025-11-18T21:38:45.876Z","level":"info","service":"Auth_Service","message":"GET /health 200","method":"GET","path":"/health","statusCode":200,"duration":"10ms","pid":29564}
