{"timestamp":"2025-11-18T14:43:53.865Z","level":"info","service":"Lab_Service","message":"Logger inicializado correctamente","pid":37276}
{"timestamp":"2025-11-18T14:43:53.878Z","level":"info","service":"Lab_Service","message":"Servidor ejecutándose en puerto 3005","url":"http://localhost:3005","gestionHerbarioUrl":"http://localhost:3002","pid":37276}
{"timestamp":"2025-11-18T14:43:53.928Z","level":"info","service":"Lab_Service","message":"GET /health","method":"GET","path":"/health","ip":"::1","userAgent":"Mozilla/5.0 (Windows NT; Windows NT 10.0; es-CO) WindowsPowerShell/5.1.26100.7019","pid":37276}
{"timestamp":"2025-11-18T14:51:53.252Z","level":"info","service":"Lab_Service","message":"Logger inicializado correctamente","pid":34316}
{"timestamp":"2025-11-18T14:51:53.270Z","level":"info","service":"Lab_Service","message":"Servidor ejecutándose en puerto 3005","url":"http://localhost:3005","gestionHerbarioUrl":"http://localhost:3002","pid":34316}
{"timestamp":"2025-11-18T14:51:53.563Z","level":"info","service":"Lab_Service","message":"GET /health","method":"GET","path":"/health","ip":"::ffff:127.0.0.1","userAgent":"Mozilla/5.0 (Windows NT; Windows NT 10.0; es-CO) WindowsPowerShell/5.1.26100.7019","pid":34316}
{"timestamp":"2025-11-18T15:24:39.846Z","level":"info","service":"Lab_Service","message":"GET /health","method":"GET","path":"/health","ip":"::1","userAgent":"Mozilla/5.0 (Windows NT; Windows NT 10.0; es-CO) WindowsPowerShell/5.1.26100.7019","pid":34316}
{"timestamp":"2025-11-18T15:24:53.998Z","level":"info","service":"Lab_Service","message":"Logger inicializado correctamente","pid":24980}
{"timestamp":"2025-11-18T15:24:54.017Z","level":"error","service":"Lab_Service","message":"Uncaught Exception","error":"listen EADDRINUSE: address already in use :::3005","stack":"Error: listen EADDRINUSE: address already in use :::3005\n    at Server.setupListenHandle [as _listen2] (node:net:1940:16)\n    at listenInCluster (node:net:1997:12)\n    at Server.listen (node:net:2102:7)\n    at Function.listen (C:\\Users\\joan-\\Music\\Proyecto Integrador\\Proyecto-Integrador-2---Software-Herbario\\Servicios\\Lab_Service\\node_modules\\express\\lib\\application.js:635:24)\n    at file:///C:/Users/joan-/Music/Proyecto%20Integrador/Proyecto-Integrador-2---Software-Herbario/Servicios/Lab_Service/src/app.js:1163:5","pid":24980}
{"timestamp":"2025-11-18T15:58:59.853Z","level":"info","service":"Lab_Service","message":"GET /health","method":"GET","path":"/health","ip":"::1","userAgent":"Mozilla/5.0 (Windows NT; Windows NT 10.0; es-CO) WindowsPowerShell/5.1.26100.7019","pid":34316}
{"timestamp":"2025-11-18T15:59:02.210Z","level":"info","service":"Lab_Service","message":"Logger inicializado correctamente","pid":53956}
{"timestamp":"2025-11-18T15:59:02.227Z","level":"error","service":"Lab_Service","message":"Uncaught Exception","error":"listen EADDRINUSE: address already in use :::3005","stack":"Error: listen EADDRINUSE: address already in use :::3005\n    at Server.setupListenHandle [as _listen2] (node:net:1940:16)\n    at listenInCluster (node:net:1997:12)\n    at Server.listen (node:net:2102:7)\n    at Function.listen (C:\\Users\\joan-\\Music\\Proyecto Integrador\\Proyecto-Integrador-2---Software-Herbario\\Servicios\\Lab_Service\\node_modules\\express\\lib\\application.js:635:24)\n    at file:///C:/Users/joan-/Music/Proyecto%20Integrador/Proyecto-Integrador-2---Software-Herbario/Servicios/Lab_Service/src/app.js:1163:5","pid":53956}
{"timestamp":"2025-11-18T20:05:23.452Z","level":"info","service":"Lab_Service","message":"Logger inicializado correctamente","pid":36068}
{"timestamp":"2025-11-18T20:05:23.471Z","level":"info","service":"Lab_Service","message":"Servidor ejecutándose en puerto 3005","url":"http://localhost:3005","gestionHerbarioUrl":"http://localhost:3002","pid":36068}
{"timestamp":"2025-11-18T20:05:36.822Z","level":"info","service":"Lab_Service","message":"GET /health","method":"GET","path":"/health","ip":"::1","userAgent":"Mozilla/5.0 (Windows NT; Windows NT 10.0; es-CO) WindowsPowerShell/5.1.26100.7019","pid":36068}
{"timestamp":"2025-11-18T21:11:59.349Z","level":"info","service":"Lab_Service","message":"Logger inicializado correctamente","pid":37620}
{"timestamp":"2025-11-18T21:11:59.365Z","level":"info","service":"Lab_Service","message":"Servidor ejecutándose en puerto 3005","url":"http://localhost:3005","gestionHerbarioUrl":"http://localhost:3002","pid":37620}
{"timestamp":"2025-11-18T21:11:59.722Z","level":"info","service":"Lab_Service","message":"GET /health","method":"GET","path":"/health","ip":"::1","userAgent":"Mozilla/5.0 (Windows NT; Windows NT 10.0; es-CO) WindowsPowerShell/5.1.26100.7019","pid":37620}
{"timestamp":"2025-11-18T21:21:02.742Z","level":"info","service":"Lab_Service","message":"Logger inicializado correctamente","pid":7716}
{"timestamp":"2025-11-18T21:21:02.769Z","level":"info","service":"Lab_Service","message":"Servidor ejecutándose en puerto 3005","url":"http://localhost:3005","gestionHerbarioUrl":"http://localhost:3002","pid":7716}
{"timestamp":"2025-11-18T21:21:03.045Z","level":"info","service":"Lab_Service","message":"GET /health","method":"GET","path":"/health","ip":"::1","userAgent":"Mozilla/5.0 (Windows NT; Windows NT 10.0; es-CO) WindowsPowerShell/5.1.26100.7019","pid":7716}
{"timestamp":"2025-11-18T21:38:27.351Z","level":"info","service":"Lab_Service","message":"Logger inicializado correctamente","pid":40084}
{"timestamp":"2025-11-18T21:38:27.373Z","level":"info","service":"Lab_Service","message":"Servidor ejecutándose en puerto 3005","url":"http://localhost:3005","gestionHerbarioUrl":"http://localhost:3002","pid":40084}
{"timestamp":"2025-11-18T21:38:48.042Z","level":"info","service":"Lab_Service","message":"GET /health","method":"GET","path":"/health","ip":"::1","userAgent":"Mozilla/5.0 (Windows NT; Windows NT 10.0; es-CO) WindowsPowerShell/5.1.26100.7019","pid":40084}
